<?xml version="1.0" encoding="UTF-8"?>
<!-- Generated by org.testng.reporters.JUnitReportReporter -->
<testsuite hostname="santhosh" failures="0" tests="1" name="ComplexJsonHandling.SumValidation" time="2.234" errors="0" timestamp="2020-04-27T00:11:45 IST" skipped="0">
  <testcase classname="ComplexJsonHandling.SumValidation" name="sumOfCourses" time="2.234"/>
</testsuite> <!-- ComplexJsonHandling.SumValidation -->
