<?xml version="1.0" encoding="UTF-8"?>
<!-- Generated by org.testng.reporters.JUnitReportReporter -->
<testsuite hostname="santhosh" failures="0" tests="1" name="Staticjson.StaticJson" time="3.537" errors="0" timestamp="2020-04-27T13:01:40 IST" skipped="0">
  <testcase classname="Staticjson.StaticJson" name="addbook" time="3.537"/>
</testsuite> <!-- Staticjson.StaticJson -->
