<?xml version="1.0" encoding="UTF-8"?>
<!-- Generated by org.testng.reporters.JUnitReportReporter -->
<testsuite hostname="santhosh" failures="0" tests="1" name="SumValidation" time="2.331" errors="0" timestamp="2020-04-26T23:59:26 IST" skipped="0">
  <testcase classname="SumValidation" name="sumOfCourses" time="2.331"/>
</testsuite> <!-- SumValidation -->
